2021032619335875: Log opening
=ERROR=  2021032619352344: EXEC failure; Error code = 10
=ERROR=  2021032619352344: Error code received during extraction
Warning: 2021032619352421: There was an error reported while unpacking this title.  TDL will attempt to continue.  If your progam doesn't work, consult tdl.log to see the exact command-line that failed, then exit TDL and run it yourself to determine the e
=ERROR=  2021032619352531: EXEC failure; Error code = 1
2021032717261967: Log closing
2021032812551637: Log opening
=ERROR=  2021032812551780: EXEC failure; Error code = 1
2021032812551862: Log closing
2021032812570271: Log opening
2021032812585629: Log closing
2021032815563759: Log opening
2021032815563841: Log opening
=ERROR=  2021032815574482: EXEC failure; Error code = 1
=ERROR=  2021032815574833: EXEC failure; Error code = 1
2021032815582557: Log closing
2021032815582645: Log closing
2021032815590891: Log opening
2021032816150862: Log opening
2021032816151340: Log opening
2021032816151922: Log opening
2021032816153086: Log closing
2021032816153202: Log closing
2021032816153224: Log closing
2021032816160239: Log opening
2021032816160613: Log opening
2021032816161491: Log closing
2021032816161991: Log opening
2021032816163430: Log closing
2021032816164024: Log opening
2021032816164172: Log closing
2021032816164402: Log opening
2021032816164573: Log closing
2021032816164683: Log closing
2021032816164919: Log opening
2021032816165754: Log closing
2021032816172099: Log opening
2021032816172280: Log opening
=ERROR=  2021032816172868: PATH "files;d:\projects\tdl\output\files;c:\archives;d:\archives" did not contain "ARKANOID.ZIP".  Did you delete it?
2021032816173269: Log closing
2021032816173318: Log closing
2021032816175872: Log opening
2021032816180109: Log closing
2021032816181646: Log opening
2021032816182207: Log opening
2021032816182910: Log closing
2021032816183442: Log opening
2021032816183723: Log closing
2021032816183860: Log closing
2021032816184019: Log opening
2021032816184398: Log opening
2021032816184629: Log closing
2021032816184739: Log closing
2021032816204081: Log opening
2021032816204317: Log closing
2021032816205657: Log opening
2021032816210135: Log opening
2021032816210415: Log closing
2021032816210514: Log closing
2021032816212975: Log opening
2021032816213052: Log closing
2021032816215040: Log opening
2021032816215490: Log opening
2021032816215968: Log opening
2021032816220155: Log closing
2021032816220292: Log opening
2021032816220512: Log closing
2021032816220721: Log opening
2021032816220951: Log closing
=ERROR=  2021032816303713: EXEC failure; Error code = 10
=ERROR=  2021032816303713: Error code received during extraction
Warning: 2021032816303851: There was an error reported while unpacking this title.  TDL will attempt to continue.  If your progam doesn't work, consult tdl.log to see the exact command-line that failed, then exit TDL and run it yourself to determine the e
=ERROR=  2021032816303955: EXEC failure; Error code = 1
2021032816304032: Log closing
2021032816304103: Log closing
2021032816324527: Log opening
2021032816324720: Log closing
2021032816330494: Log opening
2021032816330818: Log opening
2021032816332405: Log closing
2021032816332856: Log opening
2021032816333267: Log closing
2021032816333570: Log opening
2021032816350632: Log opening
2021032816351319: Log closing
2021032816354049: Log opening
2021032816363047: Log closing
2021032816371655: Log opening
2021032816371957: Log opening
2021032816381812: Log opening
2021032816381900: Log closing
2021032816382125: Log opening
2021032816383839: Log opening
2021032816384070: Log closing
2021032816384526: Log opening
2021032816385316: Log closing
2021032816390030: Log opening
2021032816390366: Log opening
2021032816390788: Log closing
2021032816391563: Log closing
2021032816393342: Log closing
2021032816393634: Log opening
2021032816393820: Log closing
2021032816394013: Log opening
2021032816432428: Log opening
2021032816435657: Log closing
2021032816435970: Log opening
2021032816441783: Log closing
2021032816470134: Log closing
2021032817023853: Log opening
2021032817024177: Log closing
2021032817024331: Log opening
2021032817052798: Log closing
2021032817052996: Log opening
2021032817053237: Log opening
2021032817053451: Log opening
2021032817053715: Log opening
2021032817053957: Log closing
2021032817054072: Log closing
2021032817054347: Log opening
2021032817055374: Log closing
2021032817055478: Log closing
2021032817055555: Log closing
2021032817055747: Log opening
2021032817055863: Log closing
2021032817060637: Log opening
2021032817062159: Log opening
2021032817062318: Log closing
2021032817062373: Log closing
2021032817063125: Log opening
2021032817063191: Log closing
2021032817184215: Log opening
2021032817184500: Log opening
2021032817184923: Log opening
2021032817185665: Log opening
2021032817185802: Log opening
2021032817190181: Log opening
2021032817190444: Log opening
2021032817190747: Log closing
2021032817190791: Log closing
2021032817190834: Log closing
2021032817190878: Log closing
2021032817190933: Log closing
2021032817191027: Log closing
2021032817191268: Log closing
2021032817191472: Log opening
2021032817192290: Log opening
2021032817192372: Log closing
2021032817192471: Log closing
2021032817204622: Log opening
2021032817204754: Log opening
2021032817205226: Log opening
2021032817205342: Log closing
2021032817205391: Log closing
2021032817205435: Log closing
2021032817212181: Log opening
2021032817212868: Log opening
2021032817213132: Log closing
2021032817222212: Log opening
2021032817222305: Log closing
2021032817224321: Log opening
2021032817224986: Log closing
2021032817231699: Log opening
2021032817231919: Log opening
2021032817232446: Log opening
2021032817232457: Log closing
2021032817235582: Log opening
2021032817240280: Log closing
2021032817240664: Log opening
2021032817241346: Log opening
2021032817243570: Log closing
2021032817243669: Log closing
2021032817251321: Log opening
2021032817251514: Log closing
2021032817251744: Log opening
2021032817251832: Log closing
2021032817252019: Log opening
2021032817252162: Log closing
2021032817252348: Log opening
2021032817252574: Log opening
2021032817254771: Log opening
2021032817254842: Log closing
2021032817255117: Log opening
2021032817255199: Log closing
2021032817263088: Log opening
2021032817263665: Log opening
2021032817265532: Log closing
2021032817270477: Log closing
2021032817283479: Log opening
2021032817284221: Log opening
2021032817284534: Log opening
2021032817291576: Log closing
2021032817292785: Log opening
2021032817292845: Log closing
2021032817292873: Log closing
2021032817292889: Log closing
2021032817311946: Log opening
2021032817312731: Log closing
2021032817314005: Log opening
2021032817314384: Log opening
2021032817314972: Log closing
2021032817315043: Log closing
2021032817322268: Log opening
2021032817323108: Log opening
2021032817323328: Log opening
2021032817323399: Log closing
2021032817323871: Log closing
2021032817324003: Log closing
2021032817324591: Log opening
2021032817324882: Log opening
2021032817325217: Log closing
2021032817325354: Log closing
2021032817384622: Log opening
2021032817385786: Log closing
2021032817390347: Log opening
2021032817390731: Log opening
2021032817391110: Log closing
2021032817391231: Log closing
2021032817401130: Log opening
2021032817401399: Log opening
2021032817401707: Log closing
2021032817402009: Log opening
2021032817402075: Log closing
2021032817402119: Log closing
2021032817405304: Log opening
2021032817405540: Log opening
2021032817405848: Log closing
2021032817410018: Log opening
2021032817410359: Log opening
2021032817410408: Log closing
2021032817410480: Log closing
2021032817410633: Log closing
2021032817410842: Log opening
2021032817411078: Log closing
2021032817411320: Log opening
2021032817411836: Log closing
2021032817412067: Log opening
2021032817412380: Log closing
2021032817415159: Log opening
2021032817415384: Log opening
2021032817415654: Log closing
2021032817415769: Log closing
2021032817415956: Log opening
2021032817420170: Log opening
2021032817420274: Log closing
2021032817420609: Log opening
2021032817422696: Log closing
2021032817543242: Log closing
